mode: set
github.com/smithg09/core/internal/module/post/dataloader.go:19.67,33.2 3 1
github.com/smithg09/core/internal/module/post/dataloader.go:35.87,38.16 3 1
github.com/smithg09/core/internal/module/post/dataloader.go:38.16,47.3 2 1
github.com/smithg09/core/internal/module/post/dataloader.go:48.2,49.9 2 1
github.com/smithg09/core/internal/module/post/dataloader.go:49.9,51.3 1 1
github.com/smithg09/core/internal/module/post/dataloader.go:52.2,52.17 1 1
github.com/smithg09/core/internal/module/post/dataloader.go:55.106,59.27 3 1
github.com/smithg09/core/internal/module/post/dataloader.go:59.27,63.3 3 1
github.com/smithg09/core/internal/module/post/dataloader.go:65.2,66.16 2 1
github.com/smithg09/core/internal/module/post/dataloader.go:66.16,75.3 2 1
github.com/smithg09/core/internal/module/post/dataloader.go:76.2,76.27 1 1
github.com/smithg09/core/internal/module/post/dataloader.go:76.27,77.17 1 1
github.com/smithg09/core/internal/module/post/dataloader.go:77.17,79.4 1 1
github.com/smithg09/core/internal/module/post/dataloader.go:82.2,83.27 2 1
github.com/smithg09/core/internal/module/post/dataloader.go:83.27,86.3 2 1
github.com/smithg09/core/internal/module/post/dataloader.go:87.2,87.16 1 1
github.com/smithg09/core/internal/module/post/module.go:12.42,20.2 5 1
github.com/smithg09/core/internal/module/post/module.go:22.47,24.2 1 1
github.com/smithg09/core/internal/module/post/repository.postgres.go:23.85,32.2 1 1
github.com/smithg09/core/internal/module/post/repository.postgres.go:34.96,36.22 2 1
github.com/smithg09/core/internal/module/post/repository.postgres.go:36.22,38.3 1 1
github.com/smithg09/core/internal/module/post/repository.postgres.go:39.2,47.25 3 1
github.com/smithg09/core/internal/module/post/repository.postgres.go:47.25,49.3 1 1
github.com/smithg09/core/internal/module/post/repository.postgres.go:50.2,51.16 2 1
github.com/smithg09/core/internal/module/post/repository.postgres.go:51.16,59.3 2 1
github.com/smithg09/core/internal/module/post/repository.postgres.go:60.2,60.36 1 1
github.com/smithg09/core/internal/module/post/repository.postgres.go:63.95,65.16 2 1
github.com/smithg09/core/internal/module/post/repository.postgres.go:65.16,66.36 1 1
github.com/smithg09/core/internal/module/post/repository.postgres.go:66.36,68.4 1 1
github.com/smithg09/core/internal/module/post/repository.postgres.go:69.3,75.18 2 1
github.com/smithg09/core/internal/module/post/repository.postgres.go:77.2,77.39 1 1
github.com/smithg09/core/internal/module/post/repository.postgres.go:80.96,82.18 2 1
github.com/smithg09/core/internal/module/post/repository.postgres.go:82.18,83.25 1 1
github.com/smithg09/core/internal/module/post/repository.postgres.go:83.25,84.29 1 1
github.com/smithg09/core/internal/module/post/repository.postgres.go:84.29,86.5 1 1
github.com/smithg09/core/internal/module/post/repository.postgres.go:87.4,87.32 1 1
github.com/smithg09/core/internal/module/post/repository.postgres.go:87.32,89.5 1 1
github.com/smithg09/core/internal/module/post/repository.postgres.go:91.3,91.24 1 1
github.com/smithg09/core/internal/module/post/repository.postgres.go:91.24,92.28 1 1
github.com/smithg09/core/internal/module/post/repository.postgres.go:92.28,94.5 1 1
github.com/smithg09/core/internal/module/post/repository.postgres.go:95.4,95.31 1 1
github.com/smithg09/core/internal/module/post/repository.postgres.go:95.31,97.5 1 1
github.com/smithg09/core/internal/module/post/repository.postgres.go:99.3,99.28 1 1
github.com/smithg09/core/internal/module/post/repository.postgres.go:99.28,100.32 1 1
github.com/smithg09/core/internal/module/post/repository.postgres.go:100.32,102.5 1 1
github.com/smithg09/core/internal/module/post/repository.postgres.go:103.4,103.34 1 1
github.com/smithg09/core/internal/module/post/repository.postgres.go:103.34,105.5 1 1
github.com/smithg09/core/internal/module/post/repository.postgres.go:107.3,107.26 1 1
github.com/smithg09/core/internal/module/post/repository.postgres.go:107.26,110.4 2 1
github.com/smithg09/core/internal/module/post/repository.postgres.go:111.3,113.24 3 1
github.com/smithg09/core/internal/module/post/repository.postgres.go:113.24,115.35 2 1
github.com/smithg09/core/internal/module/post/repository.postgres.go:115.35,117.5 1 1
github.com/smithg09/core/internal/module/post/repository.postgres.go:119.3,120.30 2 1
github.com/smithg09/core/internal/module/post/repository.postgres.go:120.30,123.4 2 1
github.com/smithg09/core/internal/module/post/repository.postgres.go:125.2,126.16 2 1
github.com/smithg09/core/internal/module/post/repository.postgres.go:126.16,134.3 2 1
github.com/smithg09/core/internal/module/post/repository.postgres.go:135.2,136.31 2 1
github.com/smithg09/core/internal/module/post/repository.postgres.go:136.31,139.3 2 1
github.com/smithg09/core/internal/module/post/repository.postgres.go:140.2,140.19 1 1
github.com/smithg09/core/internal/module/post/repository.postgres.go:143.102,145.16 2 1
github.com/smithg09/core/internal/module/post/repository.postgres.go:145.16,153.3 2 1
github.com/smithg09/core/internal/module/post/repository.postgres.go:154.2,155.31 2 1
github.com/smithg09/core/internal/module/post/repository.postgres.go:155.31,158.3 2 1
github.com/smithg09/core/internal/module/post/repository.postgres.go:159.2,159.19 1 1
github.com/smithg09/core/internal/module/post/repository.postgres.go:162.114,165.23 3 1
github.com/smithg09/core/internal/module/post/repository.postgres.go:165.23,167.3 1 1
github.com/smithg09/core/internal/module/post/repository.postgres.go:168.2,168.22 1 1
github.com/smithg09/core/internal/module/post/repository.postgres.go:168.22,170.3 1 1
github.com/smithg09/core/internal/module/post/repository.postgres.go:171.2,171.26 1 1
github.com/smithg09/core/internal/module/post/repository.postgres.go:171.26,173.3 1 1
github.com/smithg09/core/internal/module/post/repository.postgres.go:174.2,174.24 1 1
github.com/smithg09/core/internal/module/post/repository.postgres.go:174.24,176.3 1 1
github.com/smithg09/core/internal/module/post/repository.postgres.go:177.2,177.25 1 1
github.com/smithg09/core/internal/module/post/repository.postgres.go:177.25,179.3 1 1
github.com/smithg09/core/internal/module/post/repository.postgres.go:180.2,181.16 2 1
github.com/smithg09/core/internal/module/post/repository.postgres.go:181.16,189.3 2 1
github.com/smithg09/core/internal/module/post/repository.postgres.go:190.2,190.39 1 1
github.com/smithg09/core/internal/module/post/repository.postgres.go:193.85,195.2 1 1
github.com/smithg09/core/internal/module/post/repository.postgres.go:197.92,208.2 1 1
github.com/smithg09/core/internal/module/post/service.go:14.88,19.2 1 1
github.com/smithg09/core/internal/module/post/service.go:24.86,26.2 1 1
github.com/smithg09/core/internal/module/post/service.go:27.81,29.2 1 1
github.com/smithg09/core/internal/module/post/service.go:30.87,32.2 1 1
github.com/smithg09/core/internal/module/post/service.go:33.100,35.2 1 1
github.com/smithg09/core/internal/module/post/service.go:36.75,38.2 1 1
github.com/smithg09/core/internal/module/post/service.go:43.82,45.2 1 1
github.com/smithg09/core/internal/module/category/dataloader.go:19.79,33.2 3 1
github.com/smithg09/core/internal/module/category/dataloader.go:35.95,38.16 3 1
github.com/smithg09/core/internal/module/category/dataloader.go:38.16,47.3 2 1
github.com/smithg09/core/internal/module/category/dataloader.go:48.2,49.9 2 1
github.com/smithg09/core/internal/module/category/dataloader.go:49.9,51.3 1 1
github.com/smithg09/core/internal/module/category/dataloader.go:52.2,52.17 1 1
github.com/smithg09/core/internal/module/category/dataloader.go:55.110,59.27 3 1
github.com/smithg09/core/internal/module/category/dataloader.go:59.27,63.3 3 1
github.com/smithg09/core/internal/module/category/dataloader.go:65.2,66.16 2 1
github.com/smithg09/core/internal/module/category/dataloader.go:66.16,75.3 2 1
github.com/smithg09/core/internal/module/category/dataloader.go:76.2,76.27 1 1
github.com/smithg09/core/internal/module/category/dataloader.go:76.27,77.17 1 1
github.com/smithg09/core/internal/module/category/dataloader.go:77.17,79.4 1 1
github.com/smithg09/core/internal/module/category/dataloader.go:82.2,83.27 2 1
github.com/smithg09/core/internal/module/category/dataloader.go:83.27,86.3 2 1
github.com/smithg09/core/internal/module/category/dataloader.go:87.2,87.16 1 1
github.com/smithg09/core/internal/module/category/module.go:12.50,20.2 5 1
github.com/smithg09/core/internal/module/category/module.go:22.55,24.2 1 1
github.com/smithg09/core/internal/module/category/repository.postgres.go:23.97,32.2 1 1
github.com/smithg09/core/internal/module/category/repository.postgres.go:34.104,36.22 2 0
github.com/smithg09/core/internal/module/category/repository.postgres.go:36.22,38.3 1 0
github.com/smithg09/core/internal/module/category/repository.postgres.go:39.2,46.16 4 0
github.com/smithg09/core/internal/module/category/repository.postgres.go:46.16,54.3 2 0
github.com/smithg09/core/internal/module/category/repository.postgres.go:55.2,55.36 1 0
github.com/smithg09/core/internal/module/category/repository.postgres.go:58.103,60.16 2 0
github.com/smithg09/core/internal/module/category/repository.postgres.go:60.16,61.36 1 0
github.com/smithg09/core/internal/module/category/repository.postgres.go:61.36,63.4 1 0
github.com/smithg09/core/internal/module/category/repository.postgres.go:64.3,70.18 2 0
github.com/smithg09/core/internal/module/category/repository.postgres.go:72.2,72.39 1 0
github.com/smithg09/core/internal/module/category/repository.postgres.go:75.104,77.18 2 0
github.com/smithg09/core/internal/module/category/repository.postgres.go:77.18,78.24 1 0
github.com/smithg09/core/internal/module/category/repository.postgres.go:78.24,79.28 1 0
github.com/smithg09/core/internal/module/category/repository.postgres.go:79.28,81.5 1 0
github.com/smithg09/core/internal/module/category/repository.postgres.go:82.4,82.31 1 0
github.com/smithg09/core/internal/module/category/repository.postgres.go:82.31,84.5 1 0
github.com/smithg09/core/internal/module/category/repository.postgres.go:86.3,86.24 1 0
github.com/smithg09/core/internal/module/category/repository.postgres.go:86.24,87.28 1 0
github.com/smithg09/core/internal/module/category/repository.postgres.go:87.28,89.5 1 0
github.com/smithg09/core/internal/module/category/repository.postgres.go:90.4,90.31 1 0
github.com/smithg09/core/internal/module/category/repository.postgres.go:90.31,92.5 1 0
github.com/smithg09/core/internal/module/category/repository.postgres.go:94.3,94.26 1 0
github.com/smithg09/core/internal/module/category/repository.postgres.go:94.26,97.4 2 0
github.com/smithg09/core/internal/module/category/repository.postgres.go:98.3,100.24 3 0
github.com/smithg09/core/internal/module/category/repository.postgres.go:100.24,102.35 2 0
github.com/smithg09/core/internal/module/category/repository.postgres.go:102.35,104.5 1 0
github.com/smithg09/core/internal/module/category/repository.postgres.go:106.3,107.30 2 0
github.com/smithg09/core/internal/module/category/repository.postgres.go:107.30,110.4 2 0
github.com/smithg09/core/internal/module/category/repository.postgres.go:112.2,113.16 2 0
github.com/smithg09/core/internal/module/category/repository.postgres.go:113.16,121.3 2 0
github.com/smithg09/core/internal/module/category/repository.postgres.go:122.2,123.31 2 0
github.com/smithg09/core/internal/module/category/repository.postgres.go:123.31,126.3 2 0
github.com/smithg09/core/internal/module/category/repository.postgres.go:127.2,127.19 1 0
github.com/smithg09/core/internal/module/category/repository.postgres.go:130.110,132.16 2 0
github.com/smithg09/core/internal/module/category/repository.postgres.go:132.16,140.3 2 0
github.com/smithg09/core/internal/module/category/repository.postgres.go:141.2,142.31 2 0
github.com/smithg09/core/internal/module/category/repository.postgres.go:142.31,145.3 2 0
github.com/smithg09/core/internal/module/category/repository.postgres.go:146.2,146.19 1 0
github.com/smithg09/core/internal/module/category/repository.postgres.go:149.122,152.22 3 0
github.com/smithg09/core/internal/module/category/repository.postgres.go:152.22,154.3 1 0
github.com/smithg09/core/internal/module/category/repository.postgres.go:155.2,155.22 1 0
github.com/smithg09/core/internal/module/category/repository.postgres.go:155.22,157.3 1 0
github.com/smithg09/core/internal/module/category/repository.postgres.go:158.2,158.24 1 0
github.com/smithg09/core/internal/module/category/repository.postgres.go:158.24,160.3 1 0
github.com/smithg09/core/internal/module/category/repository.postgres.go:161.2,162.16 2 0
github.com/smithg09/core/internal/module/category/repository.postgres.go:162.16,170.3 2 0
github.com/smithg09/core/internal/module/category/repository.postgres.go:171.2,171.39 1 0
github.com/smithg09/core/internal/module/category/repository.postgres.go:174.89,176.2 1 0
github.com/smithg09/core/internal/module/category/repository.postgres.go:178.108,187.2 1 0
github.com/smithg09/core/internal/module/category/service.go:14.104,19.2 1 1
github.com/smithg09/core/internal/module/category/service.go:24.98,26.2 1 1
github.com/smithg09/core/internal/module/category/service.go:27.93,29.2 1 1
github.com/smithg09/core/internal/module/category/service.go:30.100,32.2 1 1
github.com/smithg09/core/internal/module/category/service.go:33.112,35.2 1 1
github.com/smithg09/core/internal/module/category/service.go:36.83,38.2 1 1
github.com/smithg09/core/internal/module/category/service.go:43.94,45.2 1 1
github.com/smithg09/core/internal/module/post/post-querier/db.go:19.28,21.2 1 0
github.com/smithg09/core/internal/module/post/post-querier/db.go:27.47,31.2 1 0
github.com/smithg09/core/internal/module/post/post-querier/post.sql.go:30.85,50.2 4 0
github.com/smithg09/core/internal/module/post/post-querier/post.sql.go:57.70,60.2 2 0
github.com/smithg09/core/internal/module/post/post-querier/post.sql.go:118.83,131.16 2 0
github.com/smithg09/core/internal/module/post/post-querier/post.sql.go:131.16,133.3 1 0
github.com/smithg09/core/internal/module/post/post-querier/post.sql.go:134.2,136.18 3 0
github.com/smithg09/core/internal/module/post/post-querier/post.sql.go:136.18,147.17 2 0
github.com/smithg09/core/internal/module/post/post-querier/post.sql.go:147.17,149.4 1 0
github.com/smithg09/core/internal/module/post/post-querier/post.sql.go:150.3,150.27 1 0
github.com/smithg09/core/internal/module/post/post-querier/post.sql.go:152.2,152.37 1 0
github.com/smithg09/core/internal/module/post/post-querier/post.sql.go:152.37,154.3 1 0
github.com/smithg09/core/internal/module/post/post-querier/post.sql.go:155.2,155.35 1 0
github.com/smithg09/core/internal/module/post/post-querier/post.sql.go:155.35,157.3 1 0
github.com/smithg09/core/internal/module/post/post-querier/post.sql.go:158.2,158.19 1 0
github.com/smithg09/core/internal/module/post/post-querier/post.sql.go:166.91,168.16 2 0
github.com/smithg09/core/internal/module/post/post-querier/post.sql.go:168.16,170.3 1 0
github.com/smithg09/core/internal/module/post/post-querier/post.sql.go:171.2,173.18 3 0
github.com/smithg09/core/internal/module/post/post-querier/post.sql.go:173.18,184.17 2 0
github.com/smithg09/core/internal/module/post/post-querier/post.sql.go:184.17,186.4 1 0
github.com/smithg09/core/internal/module/post/post-querier/post.sql.go:187.3,187.27 1 0
github.com/smithg09/core/internal/module/post/post-querier/post.sql.go:189.2,189.37 1 0
github.com/smithg09/core/internal/module/post/post-querier/post.sql.go:189.37,191.3 1 0
github.com/smithg09/core/internal/module/post/post-querier/post.sql.go:192.2,192.35 1 0
github.com/smithg09/core/internal/module/post/post-querier/post.sql.go:192.35,194.3 1 0
github.com/smithg09/core/internal/module/post/post-querier/post.sql.go:195.2,195.19 1 0
github.com/smithg09/core/internal/module/post/post-querier/post.sql.go:203.79,217.2 4 0
github.com/smithg09/core/internal/module/post/post-querier/post.sql.go:239.93,260.2 4 0
github.com/smithg09/core/internal/module/category/category-querier/category.sql.go:28.89,40.2 4 0
github.com/smithg09/core/internal/module/category/category-querier/category.sql.go:47.70,50.2 2 0
github.com/smithg09/core/internal/module/category/category-querier/category.sql.go:98.87,109.16 2 0
github.com/smithg09/core/internal/module/category/category-querier/category.sql.go:109.16,111.3 1 0
github.com/smithg09/core/internal/module/category/category-querier/category.sql.go:112.2,114.18 3 0
github.com/smithg09/core/internal/module/category/category-querier/category.sql.go:114.18,123.17 2 0
github.com/smithg09/core/internal/module/category/category-querier/category.sql.go:123.17,125.4 1 0
github.com/smithg09/core/internal/module/category/category-querier/category.sql.go:126.3,126.27 1 0
github.com/smithg09/core/internal/module/category/category-querier/category.sql.go:128.2,128.37 1 0
github.com/smithg09/core/internal/module/category/category-querier/category.sql.go:128.37,130.3 1 0
github.com/smithg09/core/internal/module/category/category-querier/category.sql.go:131.2,131.35 1 0
github.com/smithg09/core/internal/module/category/category-querier/category.sql.go:131.35,133.3 1 0
github.com/smithg09/core/internal/module/category/category-querier/category.sql.go:134.2,134.19 1 0
github.com/smithg09/core/internal/module/category/category-querier/category.sql.go:142.95,144.16 2 0
github.com/smithg09/core/internal/module/category/category-querier/category.sql.go:144.16,146.3 1 0
github.com/smithg09/core/internal/module/category/category-querier/category.sql.go:147.2,149.18 3 0
github.com/smithg09/core/internal/module/category/category-querier/category.sql.go:149.18,158.17 2 0
github.com/smithg09/core/internal/module/category/category-querier/category.sql.go:158.17,160.4 1 0
github.com/smithg09/core/internal/module/category/category-querier/category.sql.go:161.3,161.27 1 0
github.com/smithg09/core/internal/module/category/category-querier/category.sql.go:163.2,163.37 1 0
github.com/smithg09/core/internal/module/category/category-querier/category.sql.go:163.37,165.3 1 0
github.com/smithg09/core/internal/module/category/category-querier/category.sql.go:166.2,166.35 1 0
github.com/smithg09/core/internal/module/category/category-querier/category.sql.go:166.35,168.3 1 0
github.com/smithg09/core/internal/module/category/category-querier/category.sql.go:169.2,169.19 1 0
github.com/smithg09/core/internal/module/category/category-querier/category.sql.go:177.83,189.2 4 0
github.com/smithg09/core/internal/module/category/category-querier/category.sql.go:207.97,224.2 4 0
github.com/smithg09/core/internal/module/category/category-querier/db.go:19.28,21.2 1 0
github.com/smithg09/core/internal/module/category/category-querier/db.go:27.47,31.2 1 0
